2025-03-29T23:57:43.096Z	ERROR	api/errors.go:6	internal server error: error chapter O Barilas e as suas atividades fisicas already exits in weaviate
main.(*application).internalServerError
	/home/mike_the_dev/golang_projects/rag_chatbot/backend/cmd/api/errors.go:6
main.(*application).createVectorHandler
	/home/mike_the_dev/golang_projects/rag_chatbot/backend/cmd/api/rag.go:65
net/http.HandlerFunc.ServeHTTP
	/usr/local/go/src/net/http/server.go:2171
net/http.(*ServeMux).ServeHTTP
	/usr/local/go/src/net/http/server.go:2688
main.(*application).mount.StripPrefix.func1
	/usr/local/go/src/net/http/server.go:2214
net/http.HandlerFunc.ServeHTTP
	/usr/local/go/src/net/http/server.go:2171
net/http.(*ServeMux).ServeHTTP
	/usr/local/go/src/net/http/server.go:2688
github.com/mik-dmi/rag_chatbot/backend/utils/middleware.Logging.func1
	/home/mike_the_dev/golang_projects/rag_chatbot/backend/utils/middleware/middleware.go:30
net/http.HandlerFunc.ServeHTTP
	/usr/local/go/src/net/http/server.go:2171
github.com/mik-dmi/rag_chatbot/backend/utils/middleware.Recovery.func1
	/home/mike_the_dev/golang_projects/rag_chatbot/backend/utils/middleware/middleware.go:54
net/http.HandlerFunc.ServeHTTP
	/usr/local/go/src/net/http/server.go:2171
main.(*application).Run.Timeout.func1.1
	/home/mike_the_dev/golang_projects/rag_chatbot/backend/utils/middleware/middleware.go:84
net/http.HandlerFunc.ServeHTTP
	/usr/local/go/src/net/http/server.go:2171
net/http.serverHandler.ServeHTTP
	/usr/local/go/src/net/http/server.go:3142
net/http.(*conn).serve
	/usr/local/go/src/net/http/server.go:2044
2025-03-30T00:10:21.804Z	ERROR	api/errors.go:11	bad request error: error chapter O Barilas e as suas atividades fisicas already exits in weaviate: chapter already exists in weaviate
main.(*application).badRequestError
	/home/mike_the_dev/golang_projects/rag_chatbot/backend/cmd/api/errors.go:11
main.(*application).createVectorHandler
	/home/mike_the_dev/golang_projects/rag_chatbot/backend/cmd/api/rag.go:68
net/http.HandlerFunc.ServeHTTP
	/usr/local/go/src/net/http/server.go:2171
net/http.(*ServeMux).ServeHTTP
	/usr/local/go/src/net/http/server.go:2688
main.(*application).mount.StripPrefix.func1
	/usr/local/go/src/net/http/server.go:2214
net/http.HandlerFunc.ServeHTTP
	/usr/local/go/src/net/http/server.go:2171
net/http.(*ServeMux).ServeHTTP
	/usr/local/go/src/net/http/server.go:2688
github.com/mik-dmi/rag_chatbot/backend/utils/middleware.Logging.func1
	/home/mike_the_dev/golang_projects/rag_chatbot/backend/utils/middleware/middleware.go:30
net/http.HandlerFunc.ServeHTTP
	/usr/local/go/src/net/http/server.go:2171
github.com/mik-dmi/rag_chatbot/backend/utils/middleware.Recovery.func1
	/home/mike_the_dev/golang_projects/rag_chatbot/backend/utils/middleware/middleware.go:54
net/http.HandlerFunc.ServeHTTP
	/usr/local/go/src/net/http/server.go:2171
main.(*application).Run.Timeout.func1.1
	/home/mike_the_dev/golang_projects/rag_chatbot/backend/utils/middleware/middleware.go:84
net/http.HandlerFunc.ServeHTTP
	/usr/local/go/src/net/http/server.go:2171
net/http.serverHandler.ServeHTTP
	/usr/local/go/src/net/http/server.go:3142
net/http.(*conn).serve
	/usr/local/go/src/net/http/server.go:2044
2025-03-30T00:11:29.935Z	ERROR	api/errors.go:11	bad request error: error O Barilas e as suas atividades fisicas chapter already exists in weaviate
main.(*application).badRequestError
	/home/mike_the_dev/golang_projects/rag_chatbot/backend/cmd/api/errors.go:11
main.(*application).createVectorHandler
	/home/mike_the_dev/golang_projects/rag_chatbot/backend/cmd/api/rag.go:68
net/http.HandlerFunc.ServeHTTP
	/usr/local/go/src/net/http/server.go:2171
net/http.(*ServeMux).ServeHTTP
	/usr/local/go/src/net/http/server.go:2688
main.(*application).mount.StripPrefix.func1
	/usr/local/go/src/net/http/server.go:2214
net/http.HandlerFunc.ServeHTTP
	/usr/local/go/src/net/http/server.go:2171
net/http.(*ServeMux).ServeHTTP
	/usr/local/go/src/net/http/server.go:2688
github.com/mik-dmi/rag_chatbot/backend/utils/middleware.Logging.func1
	/home/mike_the_dev/golang_projects/rag_chatbot/backend/utils/middleware/middleware.go:30
net/http.HandlerFunc.ServeHTTP
	/usr/local/go/src/net/http/server.go:2171
github.com/mik-dmi/rag_chatbot/backend/utils/middleware.Recovery.func1
	/home/mike_the_dev/golang_projects/rag_chatbot/backend/utils/middleware/middleware.go:54
net/http.HandlerFunc.ServeHTTP
	/usr/local/go/src/net/http/server.go:2171
main.(*application).Run.Timeout.func1.1
	/home/mike_the_dev/golang_projects/rag_chatbot/backend/utils/middleware/middleware.go:84
net/http.HandlerFunc.ServeHTTP
	/usr/local/go/src/net/http/server.go:2171
net/http.serverHandler.ServeHTTP
	/usr/local/go/src/net/http/server.go:3142
net/http.(*conn).serve
	/usr/local/go/src/net/http/server.go:2044
2025-03-30T00:12:17.107Z	ERROR	api/errors.go:11	bad request error: Key: 'CreateDocumentsPayload.UserID' Error:Field validation for 'UserID' failed on the 'required' tag
main.(*application).badRequestError
	/home/mike_the_dev/golang_projects/rag_chatbot/backend/cmd/api/errors.go:11
main.(*application).createVectorHandler
	/home/mike_the_dev/golang_projects/rag_chatbot/backend/cmd/api/rag.go:33
net/http.HandlerFunc.ServeHTTP
	/usr/local/go/src/net/http/server.go:2171
net/http.(*ServeMux).ServeHTTP
	/usr/local/go/src/net/http/server.go:2688
main.(*application).mount.StripPrefix.func1
	/usr/local/go/src/net/http/server.go:2214
net/http.HandlerFunc.ServeHTTP
	/usr/local/go/src/net/http/server.go:2171
net/http.(*ServeMux).ServeHTTP
	/usr/local/go/src/net/http/server.go:2688
github.com/mik-dmi/rag_chatbot/backend/utils/middleware.Logging.func1
	/home/mike_the_dev/golang_projects/rag_chatbot/backend/utils/middleware/middleware.go:30
net/http.HandlerFunc.ServeHTTP
	/usr/local/go/src/net/http/server.go:2171
github.com/mik-dmi/rag_chatbot/backend/utils/middleware.Recovery.func1
	/home/mike_the_dev/golang_projects/rag_chatbot/backend/utils/middleware/middleware.go:54
net/http.HandlerFunc.ServeHTTP
	/usr/local/go/src/net/http/server.go:2171
main.(*application).Run.Timeout.func1.1
	/home/mike_the_dev/golang_projects/rag_chatbot/backend/utils/middleware/middleware.go:84
net/http.HandlerFunc.ServeHTTP
	/usr/local/go/src/net/http/server.go:2171
net/http.serverHandler.ServeHTTP
	/usr/local/go/src/net/http/server.go:3142
net/http.(*conn).serve
	/usr/local/go/src/net/http/server.go:2044
2025-03-30T00:12:17.113Z	ERROR	api/errors.go:11	bad request error: error O Barilas e as suas atividades fisicas already exists in weaviate
main.(*application).badRequestError
	/home/mike_the_dev/golang_projects/rag_chatbot/backend/cmd/api/errors.go:11
main.(*application).createVectorHandler
	/home/mike_the_dev/golang_projects/rag_chatbot/backend/cmd/api/rag.go:68
net/http.HandlerFunc.ServeHTTP
	/usr/local/go/src/net/http/server.go:2171
net/http.(*ServeMux).ServeHTTP
	/usr/local/go/src/net/http/server.go:2688
main.(*application).mount.StripPrefix.func1
	/usr/local/go/src/net/http/server.go:2214
net/http.HandlerFunc.ServeHTTP
	/usr/local/go/src/net/http/server.go:2171
net/http.(*ServeMux).ServeHTTP
	/usr/local/go/src/net/http/server.go:2688
github.com/mik-dmi/rag_chatbot/backend/utils/middleware.Logging.func1
	/home/mike_the_dev/golang_projects/rag_chatbot/backend/utils/middleware/middleware.go:30
net/http.HandlerFunc.ServeHTTP
	/usr/local/go/src/net/http/server.go:2171
github.com/mik-dmi/rag_chatbot/backend/utils/middleware.Recovery.func1
	/home/mike_the_dev/golang_projects/rag_chatbot/backend/utils/middleware/middleware.go:54
net/http.HandlerFunc.ServeHTTP
	/usr/local/go/src/net/http/server.go:2171
main.(*application).Run.Timeout.func1.1
	/home/mike_the_dev/golang_projects/rag_chatbot/backend/utils/middleware/middleware.go:84
net/http.HandlerFunc.ServeHTTP
	/usr/local/go/src/net/http/server.go:2171
net/http.serverHandler.ServeHTTP
	/usr/local/go/src/net/http/server.go:3142
net/http.(*conn).serve
	/usr/local/go/src/net/http/server.go:2044
2025-03-30T00:12:27.930Z	ERROR	api/errors.go:11	bad request error: error O Barilas e as suas atividades fisicas already exists in weaviate
main.(*application).badRequestError
	/home/mike_the_dev/golang_projects/rag_chatbot/backend/cmd/api/errors.go:11
main.(*application).createVectorHandler
	/home/mike_the_dev/golang_projects/rag_chatbot/backend/cmd/api/rag.go:68
net/http.HandlerFunc.ServeHTTP
	/usr/local/go/src/net/http/server.go:2171
net/http.(*ServeMux).ServeHTTP
	/usr/local/go/src/net/http/server.go:2688
main.(*application).mount.StripPrefix.func1
	/usr/local/go/src/net/http/server.go:2214
net/http.HandlerFunc.ServeHTTP
	/usr/local/go/src/net/http/server.go:2171
net/http.(*ServeMux).ServeHTTP
	/usr/local/go/src/net/http/server.go:2688
github.com/mik-dmi/rag_chatbot/backend/utils/middleware.Logging.func1
	/home/mike_the_dev/golang_projects/rag_chatbot/backend/utils/middleware/middleware.go:30
net/http.HandlerFunc.ServeHTTP
	/usr/local/go/src/net/http/server.go:2171
github.com/mik-dmi/rag_chatbot/backend/utils/middleware.Recovery.func1
	/home/mike_the_dev/golang_projects/rag_chatbot/backend/utils/middleware/middleware.go:54
net/http.HandlerFunc.ServeHTTP
	/usr/local/go/src/net/http/server.go:2171
main.(*application).Run.Timeout.func1.1
	/home/mike_the_dev/golang_projects/rag_chatbot/backend/utils/middleware/middleware.go:84
net/http.HandlerFunc.ServeHTTP
	/usr/local/go/src/net/http/server.go:2171
net/http.serverHandler.ServeHTTP
	/usr/local/go/src/net/http/server.go:3142
net/http.(*conn).serve
	/usr/local/go/src/net/http/server.go:2044
2025-03-30T00:12:38.780Z	ERROR	api/errors.go:11	bad request error: invalid character '}' looking for beginning of object key string
main.(*application).badRequestError
	/home/mike_the_dev/golang_projects/rag_chatbot/backend/cmd/api/errors.go:11
main.(*application).createVectorHandler
	/home/mike_the_dev/golang_projects/rag_chatbot/backend/cmd/api/rag.go:28
net/http.HandlerFunc.ServeHTTP
	/usr/local/go/src/net/http/server.go:2171
net/http.(*ServeMux).ServeHTTP
	/usr/local/go/src/net/http/server.go:2688
main.(*application).mount.StripPrefix.func1
	/usr/local/go/src/net/http/server.go:2214
net/http.HandlerFunc.ServeHTTP
	/usr/local/go/src/net/http/server.go:2171
net/http.(*ServeMux).ServeHTTP
	/usr/local/go/src/net/http/server.go:2688
github.com/mik-dmi/rag_chatbot/backend/utils/middleware.Logging.func1
	/home/mike_the_dev/golang_projects/rag_chatbot/backend/utils/middleware/middleware.go:30
net/http.HandlerFunc.ServeHTTP
	/usr/local/go/src/net/http/server.go:2171
github.com/mik-dmi/rag_chatbot/backend/utils/middleware.Recovery.func1
	/home/mike_the_dev/golang_projects/rag_chatbot/backend/utils/middleware/middleware.go:54
net/http.HandlerFunc.ServeHTTP
	/usr/local/go/src/net/http/server.go:2171
main.(*application).Run.Timeout.func1.1
	/home/mike_the_dev/golang_projects/rag_chatbot/backend/utils/middleware/middleware.go:84
net/http.HandlerFunc.ServeHTTP
	/usr/local/go/src/net/http/server.go:2171
net/http.serverHandler.ServeHTTP
	/usr/local/go/src/net/http/server.go:3142
net/http.(*conn).serve
	/usr/local/go/src/net/http/server.go:2044
2025-03-30T00:12:46.081Z	ERROR	api/errors.go:11	bad request error: Key: 'CreateDocumentsPayload.Documents' Error:Field validation for 'Documents' failed on the 'required' tag
main.(*application).badRequestError
	/home/mike_the_dev/golang_projects/rag_chatbot/backend/cmd/api/errors.go:11
main.(*application).createVectorHandler
	/home/mike_the_dev/golang_projects/rag_chatbot/backend/cmd/api/rag.go:33
net/http.HandlerFunc.ServeHTTP
	/usr/local/go/src/net/http/server.go:2171
net/http.(*ServeMux).ServeHTTP
	/usr/local/go/src/net/http/server.go:2688
main.(*application).mount.StripPrefix.func1
	/usr/local/go/src/net/http/server.go:2214
net/http.HandlerFunc.ServeHTTP
	/usr/local/go/src/net/http/server.go:2171
net/http.(*ServeMux).ServeHTTP
	/usr/local/go/src/net/http/server.go:2688
github.com/mik-dmi/rag_chatbot/backend/utils/middleware.Logging.func1
	/home/mike_the_dev/golang_projects/rag_chatbot/backend/utils/middleware/middleware.go:30
net/http.HandlerFunc.ServeHTTP
	/usr/local/go/src/net/http/server.go:2171
github.com/mik-dmi/rag_chatbot/backend/utils/middleware.Recovery.func1
	/home/mike_the_dev/golang_projects/rag_chatbot/backend/utils/middleware/middleware.go:54
net/http.HandlerFunc.ServeHTTP
	/usr/local/go/src/net/http/server.go:2171
main.(*application).Run.Timeout.func1.1
	/home/mike_the_dev/golang_projects/rag_chatbot/backend/utils/middleware/middleware.go:84
net/http.HandlerFunc.ServeHTTP
	/usr/local/go/src/net/http/server.go:2171
net/http.serverHandler.ServeHTTP
	/usr/local/go/src/net/http/server.go:3142
net/http.(*conn).serve
	/usr/local/go/src/net/http/server.go:2044
2025-03-30T00:12:46.087Z	ERROR	api/errors.go:6	internal server error: batch insert failed: status code: 422, error: {"error":[{"message":"invalid param 'objects': cannot be empty, need at least one object for batching"}]}

main.(*application).internalServerError
	/home/mike_the_dev/golang_projects/rag_chatbot/backend/cmd/api/errors.go:6
main.(*application).createVectorHandler
	/home/mike_the_dev/golang_projects/rag_chatbot/backend/cmd/api/rag.go:70
net/http.HandlerFunc.ServeHTTP
	/usr/local/go/src/net/http/server.go:2171
net/http.(*ServeMux).ServeHTTP
	/usr/local/go/src/net/http/server.go:2688
main.(*application).mount.StripPrefix.func1
	/usr/local/go/src/net/http/server.go:2214
net/http.HandlerFunc.ServeHTTP
	/usr/local/go/src/net/http/server.go:2171
net/http.(*ServeMux).ServeHTTP
	/usr/local/go/src/net/http/server.go:2688
github.com/mik-dmi/rag_chatbot/backend/utils/middleware.Logging.func1
	/home/mike_the_dev/golang_projects/rag_chatbot/backend/utils/middleware/middleware.go:30
net/http.HandlerFunc.ServeHTTP
	/usr/local/go/src/net/http/server.go:2171
github.com/mik-dmi/rag_chatbot/backend/utils/middleware.Recovery.func1
	/home/mike_the_dev/golang_projects/rag_chatbot/backend/utils/middleware/middleware.go:54
net/http.HandlerFunc.ServeHTTP
	/usr/local/go/src/net/http/server.go:2171
main.(*application).Run.Timeout.func1.1
	/home/mike_the_dev/golang_projects/rag_chatbot/backend/utils/middleware/middleware.go:84
net/http.HandlerFunc.ServeHTTP
	/usr/local/go/src/net/http/server.go:2171
net/http.serverHandler.ServeHTTP
	/usr/local/go/src/net/http/server.go:3142
net/http.(*conn).serve
	/usr/local/go/src/net/http/server.go:2044
2025-03-30T00:12:52.422Z	ERROR	api/errors.go:11	bad request error: error O Barilas e as suas atividades fisicas already exists in weaviate
main.(*application).badRequestError
	/home/mike_the_dev/golang_projects/rag_chatbot/backend/cmd/api/errors.go:11
main.(*application).createVectorHandler
	/home/mike_the_dev/golang_projects/rag_chatbot/backend/cmd/api/rag.go:68
net/http.HandlerFunc.ServeHTTP
	/usr/local/go/src/net/http/server.go:2171
net/http.(*ServeMux).ServeHTTP
	/usr/local/go/src/net/http/server.go:2688
main.(*application).mount.StripPrefix.func1
	/usr/local/go/src/net/http/server.go:2214
net/http.HandlerFunc.ServeHTTP
	/usr/local/go/src/net/http/server.go:2171
net/http.(*ServeMux).ServeHTTP
	/usr/local/go/src/net/http/server.go:2688
github.com/mik-dmi/rag_chatbot/backend/utils/middleware.Logging.func1
	/home/mike_the_dev/golang_projects/rag_chatbot/backend/utils/middleware/middleware.go:30
net/http.HandlerFunc.ServeHTTP
	/usr/local/go/src/net/http/server.go:2171
github.com/mik-dmi/rag_chatbot/backend/utils/middleware.Recovery.func1
	/home/mike_the_dev/golang_projects/rag_chatbot/backend/utils/middleware/middleware.go:54
net/http.HandlerFunc.ServeHTTP
	/usr/local/go/src/net/http/server.go:2171
main.(*application).Run.Timeout.func1.1
	/home/mike_the_dev/golang_projects/rag_chatbot/backend/utils/middleware/middleware.go:84
net/http.HandlerFunc.ServeHTTP
	/usr/local/go/src/net/http/server.go:2171
net/http.serverHandler.ServeHTTP
	/usr/local/go/src/net/http/server.go:3142
net/http.(*conn).serve
	/usr/local/go/src/net/http/server.go:2044
2025-03-30T00:13:09.687Z	ERROR	api/errors.go:6	internal server error: error checking if a chapter already exits in weaviate: status code: -1, error: check the DerivedFromError field for more information: status code: -1, error: check the DerivedFromError field for more information: Post "http://localhost:8080/v1/graphql": dial tcp 127.0.0.1:8080: connect: connection refused
main.(*application).internalServerError
	/home/mike_the_dev/golang_projects/rag_chatbot/backend/cmd/api/errors.go:6
main.(*application).createVectorHandler
	/home/mike_the_dev/golang_projects/rag_chatbot/backend/cmd/api/rag.go:70
net/http.HandlerFunc.ServeHTTP
	/usr/local/go/src/net/http/server.go:2171
net/http.(*ServeMux).ServeHTTP
	/usr/local/go/src/net/http/server.go:2688
main.(*application).mount.StripPrefix.func1
	/usr/local/go/src/net/http/server.go:2214
net/http.HandlerFunc.ServeHTTP
	/usr/local/go/src/net/http/server.go:2171
net/http.(*ServeMux).ServeHTTP
	/usr/local/go/src/net/http/server.go:2688
github.com/mik-dmi/rag_chatbot/backend/utils/middleware.Logging.func1
	/home/mike_the_dev/golang_projects/rag_chatbot/backend/utils/middleware/middleware.go:30
net/http.HandlerFunc.ServeHTTP
	/usr/local/go/src/net/http/server.go:2171
github.com/mik-dmi/rag_chatbot/backend/utils/middleware.Recovery.func1
	/home/mike_the_dev/golang_projects/rag_chatbot/backend/utils/middleware/middleware.go:54
net/http.HandlerFunc.ServeHTTP
	/usr/local/go/src/net/http/server.go:2171
main.(*application).Run.Timeout.func1.1
	/home/mike_the_dev/golang_projects/rag_chatbot/backend/utils/middleware/middleware.go:84
net/http.HandlerFunc.ServeHTTP
	/usr/local/go/src/net/http/server.go:2171
net/http.serverHandler.ServeHTTP
	/usr/local/go/src/net/http/server.go:3142
net/http.(*conn).serve
	/usr/local/go/src/net/http/server.go:2044
2025-03-30T00:13:16.690Z	ERROR	api/errors.go:6	internal server error: error checking if a chapter already exits in weaviate: status code: -1, error: check the DerivedFromError field for more information: status code: -1, error: check the DerivedFromError field for more information: Post "http://localhost:8080/v1/graphql": EOF
main.(*application).internalServerError
	/home/mike_the_dev/golang_projects/rag_chatbot/backend/cmd/api/errors.go:6
main.(*application).createVectorHandler
	/home/mike_the_dev/golang_projects/rag_chatbot/backend/cmd/api/rag.go:70
net/http.HandlerFunc.ServeHTTP
	/usr/local/go/src/net/http/server.go:2171
net/http.(*ServeMux).ServeHTTP
	/usr/local/go/src/net/http/server.go:2688
main.(*application).mount.StripPrefix.func1
	/usr/local/go/src/net/http/server.go:2214
net/http.HandlerFunc.ServeHTTP
	/usr/local/go/src/net/http/server.go:2171
net/http.(*ServeMux).ServeHTTP
	/usr/local/go/src/net/http/server.go:2688
github.com/mik-dmi/rag_chatbot/backend/utils/middleware.Logging.func1
	/home/mike_the_dev/golang_projects/rag_chatbot/backend/utils/middleware/middleware.go:30
net/http.HandlerFunc.ServeHTTP
	/usr/local/go/src/net/http/server.go:2171
github.com/mik-dmi/rag_chatbot/backend/utils/middleware.Recovery.func1
	/home/mike_the_dev/golang_projects/rag_chatbot/backend/utils/middleware/middleware.go:54
net/http.HandlerFunc.ServeHTTP
	/usr/local/go/src/net/http/server.go:2171
main.(*application).Run.Timeout.func1.1
	/home/mike_the_dev/golang_projects/rag_chatbot/backend/utils/middleware/middleware.go:84
net/http.HandlerFunc.ServeHTTP
	/usr/local/go/src/net/http/server.go:2171
net/http.serverHandler.ServeHTTP
	/usr/local/go/src/net/http/server.go:3142
net/http.(*conn).serve
	/usr/local/go/src/net/http/server.go:2044
2025-03-30T00:15:22.648Z	ERROR	api/errors.go:11	bad request error: error: chapter O Barilas e as suas atividades fisicas already exists in weaviate
main.(*application).badRequestError
	/home/mike_the_dev/golang_projects/rag_chatbot/backend/cmd/api/errors.go:11
main.(*application).createVectorHandler
	/home/mike_the_dev/golang_projects/rag_chatbot/backend/cmd/api/rag.go:68
net/http.HandlerFunc.ServeHTTP
	/usr/local/go/src/net/http/server.go:2171
net/http.(*ServeMux).ServeHTTP
	/usr/local/go/src/net/http/server.go:2688
main.(*application).mount.StripPrefix.func1
	/usr/local/go/src/net/http/server.go:2214
net/http.HandlerFunc.ServeHTTP
	/usr/local/go/src/net/http/server.go:2171
net/http.(*ServeMux).ServeHTTP
	/usr/local/go/src/net/http/server.go:2688
github.com/mik-dmi/rag_chatbot/backend/utils/middleware.Logging.func1
	/home/mike_the_dev/golang_projects/rag_chatbot/backend/utils/middleware/middleware.go:30
net/http.HandlerFunc.ServeHTTP
	/usr/local/go/src/net/http/server.go:2171
github.com/mik-dmi/rag_chatbot/backend/utils/middleware.Recovery.func1
	/home/mike_the_dev/golang_projects/rag_chatbot/backend/utils/middleware/middleware.go:54
net/http.HandlerFunc.ServeHTTP
	/usr/local/go/src/net/http/server.go:2171
main.(*application).Run.Timeout.func1.1
	/home/mike_the_dev/golang_projects/rag_chatbot/backend/utils/middleware/middleware.go:84
net/http.HandlerFunc.ServeHTTP
	/usr/local/go/src/net/http/server.go:2171
net/http.serverHandler.ServeHTTP
	/usr/local/go/src/net/http/server.go:3142
net/http.(*conn).serve
	/usr/local/go/src/net/http/server.go:2044
2025-03-30T12:39:54.431+0100	DEBUG	api/rag.go:113	Question used for the main chain  Tell me about the Chapter: The Go programming language
2025-03-30T12:40:46.760+0100	DEBUG	api/rag.go:113	Question used for the main chain  Tell me about the Chapter: the first test chapter
2025-03-30T16:25:11.737+0100	DEBUG	api/rag.go:97	Question used for the main chain  Tell me about the Chapter: the first test chapter
2025-03-30T16:25:41.030+0100	DEBUG	api/rag.go:97	Question used for the main chain  Tell me about the Chapter: the first test chapter
2025-03-30T18:38:49.936+0100	DEBUG	api/rag.go:97	Question used for the main chain  Tell me about the Chapter: the first test chapter
2025-05-27T16:04:53.274+0100	INFO	api/api.go:91	server has started	{"addr": ":8000", "env": "development"}
2025-05-27T16:39:15.225+0100	INFO	api/api.go:110	server has started	{"addr": ":8000", "env": "development"}
2025-05-27T16:57:45.616+0100	INFO	api/api.go:111	server has started	{"addr": ":8000", "env": "development"}
2025-05-27T16:58:11.825+0100	INFO	api/api.go:111	server has started	{"addr": ":8000", "env": "development"}
2025-05-27T17:01:43.874+0100	INFO	api/api.go:111	server has started	{"addr": ":8000", "env": "development"}
2025-05-27T17:03:01.914+0100	INFO	api/api.go:111	server has started	{"addr": ":8000", "env": "development"}
2025-05-27T17:03:46.390+0100	INFO	api/api.go:111	server has started	{"addr": ":8000", "env": "development"}
2025-05-27T17:12:18.095+0100	INFO	api/api.go:111	server has started	{"addr": ":8000", "env": "development"}
2025-05-27T17:12:30.246+0100	INFO	api/api.go:111	server has started	{"addr": ":8000", "env": "development"}
2025-05-27T17:12:51.393+0100	INFO	api/api.go:111	server has started	{"addr": ":8000", "env": "development"}
2025-05-27T17:23:02.020+0100	INFO	api/api.go:111	server has started	{"addr": ":8000", "env": "development"}
2025-05-28T00:49:20.962+0100	INFO	api/api.go:111	server has started	{"addr": ":8000", "env": "development"}
2025-05-28T01:36:49.100+0100	INFO	api/api.go:111	server has started	{"addr": ":8000", "env": "development"}
2025-05-28T01:38:29.961+0100	INFO	api/api.go:111	server has started	{"addr": ":8000", "env": "development"}
2025-05-28T01:40:49.082+0100	INFO	api/api.go:111	server has started	{"addr": ":8000", "env": "development"}
2025-05-28T01:44:17.203+0100	INFO	api/api.go:111	server has started	{"addr": ":8000", "env": "development"}
2025-05-28T01:46:28.871+0100	INFO	api/api.go:111	server has started	{"addr": ":8000", "env": "development"}
2025-05-28T01:46:41.704+0100	INFO	api/api.go:111	server has started	{"addr": ":8000", "env": "development"}
2025-05-28T01:51:26.043+0100	INFO	api/api.go:111	server has started	{"addr": ":8000", "env": "development"}
2025-05-28T01:52:09.569+0100	INFO	api/api.go:111	server has started	{"addr": ":8000", "env": "development"}
2025-05-28T01:52:12.438+0100	INFO	api/api.go:111	server has started	{"addr": ":8000", "env": "development"}
2025-05-28T01:52:23.781+0100	INFO	api/api.go:111	server has started	{"addr": ":8000", "env": "development"}
2025-05-28T01:52:34.907+0100	INFO	api/api.go:111	server has started	{"addr": ":8000", "env": "development"}
2025-05-28T01:52:48.646+0100	INFO	api/api.go:111	server has started	{"addr": ":8000", "env": "development"}
2025-05-28T01:53:19.212+0100	INFO	api/api.go:111	server has started	{"addr": ":8000", "env": "development"}
2025-05-28T01:53:22.584+0100	INFO	api/api.go:111	server has started	{"addr": ":8000", "env": "development"}
2025-05-28T01:56:13.542+0100	INFO	api/api.go:111	server has started	{"addr": ":8000", "env": "development"}
2025-05-28T01:56:48.109+0100	INFO	api/api.go:111	server has started	{"addr": ":8000", "env": "development"}
2025-05-28T01:57:15.295+0100	INFO	api/api.go:111	server has started	{"addr": ":8000", "env": "development"}
2025-05-28T01:57:19.056+0100	INFO	api/api.go:111	server has started	{"addr": ":8000", "env": "development"}
2025-05-28T01:58:01.649+0100	INFO	api/api.go:111	server has started	{"addr": ":8000", "env": "development"}
2025-05-28T01:58:53.936+0100	INFO	api/api.go:111	server has started	{"addr": ":8000", "env": "development"}
2025-05-28T02:00:11.695+0100	INFO	api/api.go:111	server has started	{"addr": ":8000", "env": "development"}
2025-05-28T02:00:57.857+0100	INFO	api/api.go:111	server has started	{"addr": ":8000", "env": "development"}
2025-05-28T02:01:08.401+0100	INFO	api/api.go:111	server has started	{"addr": ":8000", "env": "development"}
2025-05-28T02:01:18.829+0100	INFO	api/api.go:111	server has started	{"addr": ":8000", "env": "development"}
2025-05-28T02:06:17.629+0100	INFO	api/api.go:111	server has started	{"addr": ":8000", "env": "development"}
2025-05-28T02:07:27.402+0100	INFO	api/api.go:111	server has started	{"addr": ":8000", "env": "development"}
2025-05-28T02:07:33.061+0100	INFO	api/api.go:111	server has started	{"addr": ":8000", "env": "development"}
